
Auto-generating collections for folders in "src/content/" that are not defined as collections.
This is deprecated, so you should define these collections yourself in "src/content.config.ts".
The following collections have been auto-generated: data

12:31:06 [content] Syncing content
12:31:06 [WARN] [glob-loader] No files found matching "**/*.md,!**/_*/**/*.md,!**/_*.md" in directory "src/content/data"
12:31:06 [content] Synced content
12:31:06 [types] Generated 175ms
12:31:06 [build] output: "static"
12:31:06 [build] mode: "static"
12:31:06 [build] directory: /Users/chahineazlouk/Documents/koreshlab-site/dist/
12:31:06 [build] Collecting build info...
12:31:06 [build] ✓ Completed in 189ms.
12:31:06 [build] Building static entrypoints...
12:31:07 [WARN] [vite] "isRemoteAllowed", "matchHostname", "matchPathname", "matchPort" and "matchProtocol" are imported from external module "@astrojs/internal-helpers/remote" but never used in "node_modules/astro/dist/assets/utils/remotePattern.js".
12:31:07 [vite] ✓ built in 400ms
12:31:07 [build] ✓ Completed in 415ms.

 building client (vite) 
12:31:07 [vite] transforming...
12:31:07 [vite] ✓ 4 modules transformed.
12:31:07 [vite] rendering chunks...
12:31:07 [vite] ✓ built in 8ms

 generating static routes 
12:31:07 ▶ src/pages/404.astro
12:31:07   └─ /404.html (+3ms) 
12:31:07 ▶ src/pages/blog.astro
12:31:07   └─ /blog/index.html (+2ms) 
12:31:07 ▶ src/pages/index.astro
12:31:07   └─ /index.html (+2ms) 
12:31:07 ✓ Completed in 11ms.

12:31:07 [build] 3 page(s) built in 628ms
12:31:07 [build] Complete!
